[2024-10-30 01:50:59] local.ERROR: require_once(/Users/rishavr/Online-Shopping/laravelBackend4/app/Http/Controllers/vendor/autoload.php): Failed to open stream: No such file or directory {"exception":"[object] (ErrorException(code: 0): require_once(/Users/rishavr/Online-Shopping/laravelBackend4/app/Http/Controllers/vendor/autoload.php): Failed to open stream: No such file or directory at /Users/rishavr/Online-Shopping/laravelBackend4/app/Http/Controllers/BackendController.php:14)
[stacktrace]
#0 /Users/rishavr/Online-Shopping/laravelBackend4/vendor/laravel/framework/src/Illuminate/Foundation/Bootstrap/HandleExceptions.php(256): Illuminate\\Foundation\\Bootstrap\\HandleExceptions->handleError(2, 'require_once(/U...', '/Users/rishavr/...', 14)
#1 /Users/rishavr/Online-Shopping/laravelBackend4/app/Http/Controllers/BackendController.php(14): Illuminate\\Foundation\\Bootstrap\\HandleExceptions->Illuminate\\Foundation\\Bootstrap\\{closure}(2, 'require_once(/U...', '/Users/rishavr/...', 14)
#2 /Users/rishavr/Online-Shopping/laravelBackend4/app/Http/Controllers/BackendController.php(14): require_once('/Users/rishavr/...')
#3 [internal function]: App\\Http\\Controllers\\BackendController->__construct()
#4 /Users/rishavr/Online-Shopping/laravelBackend4/vendor/laravel/framework/src/Illuminate/Container/Container.php(983): ReflectionClass->newInstanceArgs(Array)
#5 /Users/rishavr/Online-Shopping/laravelBackend4/vendor/laravel/framework/src/Illuminate/Container/Container.php(815): Illuminate\\Container\\Container->build('App\\\\Http\\\\Contro...')
#6 /Users/rishavr/Online-Shopping/laravelBackend4/vendor/laravel/framework/src/Illuminate/Foundation/Application.php(1046): Illuminate\\Container\\Container->resolve('App\\\\Http\\\\Contro...', Array, true)
#7 /Users/rishavr/Online-Shopping/laravelBackend4/vendor/laravel/framework/src/Illuminate/Container/Container.php(751): Illuminate\\Foundation\\Application->resolve('App\\\\Http\\\\Contro...', Array)
#8 /Users/rishavr/Online-Shopping/laravelBackend4/vendor/laravel/framework/src/Illuminate/Foundation/Application.php(1028): Illuminate\\Container\\Container->make('App\\\\Http\\\\Contro...', Array)
#9 /Users/rishavr/Online-Shopping/laravelBackend4/vendor/laravel/framework/src/Illuminate/Routing/Route.php(283): Illuminate\\Foundation\\Application->make('App\\\\Http\\\\Contro...')
#10 /Users/rishavr/Online-Shopping/laravelBackend4/vendor/laravel/framework/src/Illuminate/Routing/Route.php(265): Illuminate\\Routing\\Route->getController()
#11 /Users/rishavr/Online-Shopping/laravelBackend4/vendor/laravel/framework/src/Illuminate/Routing/Route.php(210): Illuminate\\Routing\\Route->runController()
#12 /Users/rishavr/Online-Shopping/laravelBackend4/vendor/laravel/framework/src/Illuminate/Routing/Router.php(808): Illuminate\\Routing\\Route->run()
#13 /Users/rishavr/Online-Shopping/laravelBackend4/vendor/laravel/framework/src/Illuminate/Pipeline/Pipeline.php(144): Illuminate\\Routing\\Router->Illuminate\\Routing\\{closure}(Object(Illuminate\\Http\\Request))
#14 /Users/rishavr/Online-Shopping/laravelBackend4/vendor/laravel/framework/src/Illuminate/Routing/Middleware/SubstituteBindings.php(51): Illuminate\\Pipeline\\Pipeline->Illuminate\\Pipeline\\{closure}(Object(Illuminate\\Http\\Request))
#15 /Users/rishavr/Online-Shopping/laravelBackend4/vendor/laravel/framework/src/Illuminate/Pipeline/Pipeline.php(183): Illuminate\\Routing\\Middleware\\SubstituteBindings->handle(Object(Illuminate\\Http\\Request), Object(Closure))
#16 /Users/rishavr/Online-Shopping/laravelBackend4/vendor/laravel/framework/src/Illuminate/Pipeline/Pipeline.php(119): Illuminate\\Pipeline\\Pipeline->Illuminate\\Pipeline\\{closure}(Object(Illuminate\\Http\\Request))
#17 /Users/rishavr/Online-Shopping/laravelBackend4/vendor/laravel/framework/src/Illuminate/Routing/Router.php(807): Illuminate\\Pipeline\\Pipeline->then(Object(Closure))
#18 /Users/rishavr/Online-Shopping/laravelBackend4/vendor/laravel/framework/src/Illuminate/Routing/Router.php(786): Illuminate\\Routing\\Router->runRouteWithinStack(Object(Illuminate\\Routing\\Route), Object(Illuminate\\Http\\Request))
#19 /Users/rishavr/Online-Shopping/laravelBackend4/vendor/laravel/framework/src/Illuminate/Routing/Router.php(750): Illuminate\\Routing\\Router->runRoute(Object(Illuminate\\Http\\Request), Object(Illuminate\\Routing\\Route))
#20 /Users/rishavr/Online-Shopping/laravelBackend4/vendor/laravel/framework/src/Illuminate/Routing/Router.php(739): Illuminate\\Routing\\Router->dispatchToRoute(Object(Illuminate\\Http\\Request))
#21 /Users/rishavr/Online-Shopping/laravelBackend4/vendor/laravel/framework/src/Illuminate/Foundation/Http/Kernel.php(201): Illuminate\\Routing\\Router->dispatch(Object(Illuminate\\Http\\Request))
#22 /Users/rishavr/Online-Shopping/laravelBackend4/vendor/laravel/framework/src/Illuminate/Pipeline/Pipeline.php(144): Illuminate\\Foundation\\Http\\Kernel->Illuminate\\Foundation\\Http\\{closure}(Object(Illuminate\\Http\\Request))
#23 /Users/rishavr/Online-Shopping/laravelBackend4/vendor/laravel/framework/src/Illuminate/Foundation/Http/Middleware/TransformsRequest.php(21): Illuminate\\Pipeline\\Pipeline->Illuminate\\Pipeline\\{closure}(Object(Illuminate\\Http\\Request))
#24 /Users/rishavr/Online-Shopping/laravelBackend4/vendor/laravel/framework/src/Illuminate/Foundation/Http/Middleware/ConvertEmptyStringsToNull.php(31): Illuminate\\Foundation\\Http\\Middleware\\TransformsRequest->handle(Object(Illuminate\\Http\\Request), Object(Closure))
#25 /Users/rishavr/Online-Shopping/laravelBackend4/vendor/laravel/framework/src/Illuminate/Pipeline/Pipeline.php(183): Illuminate\\Foundation\\Http\\Middleware\\ConvertEmptyStringsToNull->handle(Object(Illuminate\\Http\\Request), Object(Closure))
#26 /Users/rishavr/Online-Shopping/laravelBackend4/vendor/laravel/framework/src/Illuminate/Foundation/Http/Middleware/TransformsRequest.php(21): Illuminate\\Pipeline\\Pipeline->Illuminate\\Pipeline\\{closure}(Object(Illuminate\\Http\\Request))
#27 /Users/rishavr/Online-Shopping/laravelBackend4/vendor/laravel/framework/src/Illuminate/Foundation/Http/Middleware/TrimStrings.php(51): Illuminate\\Foundation\\Http\\Middleware\\TransformsRequest->handle(Object(Illuminate\\Http\\Request), Object(Closure))
#28 /Users/rishavr/Online-Shopping/laravelBackend4/vendor/laravel/framework/src/Illuminate/Pipeline/Pipeline.php(183): Illuminate\\Foundation\\Http\\Middleware\\TrimStrings->handle(Object(Illuminate\\Http\\Request), Object(Closure))
#29 /Users/rishavr/Online-Shopping/laravelBackend4/vendor/laravel/framework/src/Illuminate/Http/Middleware/ValidatePostSize.php(27): Illuminate\\Pipeline\\Pipeline->Illuminate\\Pipeline\\{closure}(Object(Illuminate\\Http\\Request))
#30 /Users/rishavr/Online-Shopping/laravelBackend4/vendor/laravel/framework/src/Illuminate/Pipeline/Pipeline.php(183): Illuminate\\Http\\Middleware\\ValidatePostSize->handle(Object(Illuminate\\Http\\Request), Object(Closure))
#31 /Users/rishavr/Online-Shopping/laravelBackend4/vendor/laravel/framework/src/Illuminate/Foundation/Http/Middleware/PreventRequestsDuringMaintenance.php(110): Illuminate\\Pipeline\\Pipeline->Illuminate\\Pipeline\\{closure}(Object(Illuminate\\Http\\Request))
#32 /Users/rishavr/Online-Shopping/laravelBackend4/vendor/laravel/framework/src/Illuminate/Pipeline/Pipeline.php(183): Illuminate\\Foundation\\Http\\Middleware\\PreventRequestsDuringMaintenance->handle(Object(Illuminate\\Http\\Request), Object(Closure))
#33 /Users/rishavr/Online-Shopping/laravelBackend4/vendor/laravel/framework/src/Illuminate/Http/Middleware/HandleCors.php(62): Illuminate\\Pipeline\\Pipeline->Illuminate\\Pipeline\\{closure}(Object(Illuminate\\Http\\Request))
#34 /Users/rishavr/Online-Shopping/laravelBackend4/vendor/laravel/framework/src/Illuminate/Pipeline/Pipeline.php(183): Illuminate\\Http\\Middleware\\HandleCors->handle(Object(Illuminate\\Http\\Request), Object(Closure))
#35 /Users/rishavr/Online-Shopping/laravelBackend4/vendor/laravel/framework/src/Illuminate/Http/Middleware/TrustProxies.php(58): Illuminate\\Pipeline\\Pipeline->Illuminate\\Pipeline\\{closure}(Object(Illuminate\\Http\\Request))
#36 /Users/rishavr/Online-Shopping/laravelBackend4/vendor/laravel/framework/src/Illuminate/Pipeline/Pipeline.php(183): Illuminate\\Http\\Middleware\\TrustProxies->handle(Object(Illuminate\\Http\\Request), Object(Closure))
#37 /Users/rishavr/Online-Shopping/laravelBackend4/vendor/laravel/framework/src/Illuminate/Foundation/Http/Middleware/InvokeDeferredCallbacks.php(22): Illuminate\\Pipeline\\Pipeline->Illuminate\\Pipeline\\{closure}(Object(Illuminate\\Http\\Request))
#38 /Users/rishavr/Online-Shopping/laravelBackend4/vendor/laravel/framework/src/Illuminate/Pipeline/Pipeline.php(183): Illuminate\\Foundation\\Http\\Middleware\\InvokeDeferredCallbacks->handle(Object(Illuminate\\Http\\Request), Object(Closure))
#39 /Users/rishavr/Online-Shopping/laravelBackend4/vendor/laravel/framework/src/Illuminate/Pipeline/Pipeline.php(119): Illuminate\\Pipeline\\Pipeline->Illuminate\\Pipeline\\{closure}(Object(Illuminate\\Http\\Request))
#40 /Users/rishavr/Online-Shopping/laravelBackend4/vendor/laravel/framework/src/Illuminate/Foundation/Http/Kernel.php(176): Illuminate\\Pipeline\\Pipeline->then(Object(Closure))
#41 /Users/rishavr/Online-Shopping/laravelBackend4/vendor/laravel/framework/src/Illuminate/Foundation/Http/Kernel.php(145): Illuminate\\Foundation\\Http\\Kernel->sendRequestThroughRouter(Object(Illuminate\\Http\\Request))
#42 /Users/rishavr/Online-Shopping/laravelBackend4/vendor/laravel/framework/src/Illuminate/Foundation/Application.php(1188): Illuminate\\Foundation\\Http\\Kernel->handle(Object(Illuminate\\Http\\Request))
#43 /Users/rishavr/Online-Shopping/laravelBackend4/public/index.php(17): Illuminate\\Foundation\\Application->handleRequest(Object(Illuminate\\Http\\Request))
#44 /Users/rishavr/Online-Shopping/laravelBackend4/vendor/laravel/framework/src/Illuminate/Foundation/resources/server.php(23): require_once('/Users/rishavr/...')
#45 {main}
"} 
[2024-10-30 01:53:26] local.ERROR: Failed to parse MongoDB URI: ''. Invalid URI Schema, expecting 'mongodb://' or 'mongodb+srv://'. {"exception":"[object] (MongoDB\\Driver\\Exception\\InvalidArgumentException(code: 0): Failed to parse MongoDB URI: ''. Invalid URI Schema, expecting 'mongodb://' or 'mongodb+srv://'. at /Users/rishavr/Online-Shopping/laravelBackend4/vendor/mongodb/mongodb/src/Client.php:118)
[stacktrace]
#0 /Users/rishavr/Online-Shopping/laravelBackend4/vendor/mongodb/mongodb/src/Client.php(118): MongoDB\\Driver\\Manager->__construct('', Array, Array)
#1 /Users/rishavr/Online-Shopping/laravelBackend4/app/Http/Controllers/BackendController.php(22): MongoDB\\Client->__construct('', Array, Array)
#2 [internal function]: App\\Http\\Controllers\\BackendController->__construct()
#3 /Users/rishavr/Online-Shopping/laravelBackend4/vendor/laravel/framework/src/Illuminate/Container/Container.php(983): ReflectionClass->newInstanceArgs(Array)
#4 /Users/rishavr/Online-Shopping/laravelBackend4/vendor/laravel/framework/src/Illuminate/Container/Container.php(815): Illuminate\\Container\\Container->build('App\\\\Http\\\\Contro...')
#5 /Users/rishavr/Online-Shopping/laravelBackend4/vendor/laravel/framework/src/Illuminate/Foundation/Application.php(1046): Illuminate\\Container\\Container->resolve('App\\\\Http\\\\Contro...', Array, true)
#6 /Users/rishavr/Online-Shopping/laravelBackend4/vendor/laravel/framework/src/Illuminate/Container/Container.php(751): Illuminate\\Foundation\\Application->resolve('App\\\\Http\\\\Contro...', Array)
#7 /Users/rishavr/Online-Shopping/laravelBackend4/vendor/laravel/framework/src/Illuminate/Foundation/Application.php(1028): Illuminate\\Container\\Container->make('App\\\\Http\\\\Contro...', Array)
#8 /Users/rishavr/Online-Shopping/laravelBackend4/vendor/laravel/framework/src/Illuminate/Routing/Route.php(283): Illuminate\\Foundation\\Application->make('App\\\\Http\\\\Contro...')
#9 /Users/rishavr/Online-Shopping/laravelBackend4/vendor/laravel/framework/src/Illuminate/Routing/Route.php(265): Illuminate\\Routing\\Route->getController()
#10 /Users/rishavr/Online-Shopping/laravelBackend4/vendor/laravel/framework/src/Illuminate/Routing/Route.php(210): Illuminate\\Routing\\Route->runController()
#11 /Users/rishavr/Online-Shopping/laravelBackend4/vendor/laravel/framework/src/Illuminate/Routing/Router.php(808): Illuminate\\Routing\\Route->run()
#12 /Users/rishavr/Online-Shopping/laravelBackend4/vendor/laravel/framework/src/Illuminate/Pipeline/Pipeline.php(144): Illuminate\\Routing\\Router->Illuminate\\Routing\\{closure}(Object(Illuminate\\Http\\Request))
#13 /Users/rishavr/Online-Shopping/laravelBackend4/vendor/laravel/framework/src/Illuminate/Routing/Middleware/SubstituteBindings.php(51): Illuminate\\Pipeline\\Pipeline->Illuminate\\Pipeline\\{closure}(Object(Illuminate\\Http\\Request))
#14 /Users/rishavr/Online-Shopping/laravelBackend4/vendor/laravel/framework/src/Illuminate/Pipeline/Pipeline.php(183): Illuminate\\Routing\\Middleware\\SubstituteBindings->handle(Object(Illuminate\\Http\\Request), Object(Closure))
#15 /Users/rishavr/Online-Shopping/laravelBackend4/vendor/laravel/framework/src/Illuminate/Pipeline/Pipeline.php(119): Illuminate\\Pipeline\\Pipeline->Illuminate\\Pipeline\\{closure}(Object(Illuminate\\Http\\Request))
#16 /Users/rishavr/Online-Shopping/laravelBackend4/vendor/laravel/framework/src/Illuminate/Routing/Router.php(807): Illuminate\\Pipeline\\Pipeline->then(Object(Closure))
#17 /Users/rishavr/Online-Shopping/laravelBackend4/vendor/laravel/framework/src/Illuminate/Routing/Router.php(786): Illuminate\\Routing\\Router->runRouteWithinStack(Object(Illuminate\\Routing\\Route), Object(Illuminate\\Http\\Request))
#18 /Users/rishavr/Online-Shopping/laravelBackend4/vendor/laravel/framework/src/Illuminate/Routing/Router.php(750): Illuminate\\Routing\\Router->runRoute(Object(Illuminate\\Http\\Request), Object(Illuminate\\Routing\\Route))
#19 /Users/rishavr/Online-Shopping/laravelBackend4/vendor/laravel/framework/src/Illuminate/Routing/Router.php(739): Illuminate\\Routing\\Router->dispatchToRoute(Object(Illuminate\\Http\\Request))
#20 /Users/rishavr/Online-Shopping/laravelBackend4/vendor/laravel/framework/src/Illuminate/Foundation/Http/Kernel.php(201): Illuminate\\Routing\\Router->dispatch(Object(Illuminate\\Http\\Request))
#21 /Users/rishavr/Online-Shopping/laravelBackend4/vendor/laravel/framework/src/Illuminate/Pipeline/Pipeline.php(144): Illuminate\\Foundation\\Http\\Kernel->Illuminate\\Foundation\\Http\\{closure}(Object(Illuminate\\Http\\Request))
#22 /Users/rishavr/Online-Shopping/laravelBackend4/vendor/laravel/framework/src/Illuminate/Foundation/Http/Middleware/TransformsRequest.php(21): Illuminate\\Pipeline\\Pipeline->Illuminate\\Pipeline\\{closure}(Object(Illuminate\\Http\\Request))
#23 /Users/rishavr/Online-Shopping/laravelBackend4/vendor/laravel/framework/src/Illuminate/Foundation/Http/Middleware/ConvertEmptyStringsToNull.php(31): Illuminate\\Foundation\\Http\\Middleware\\TransformsRequest->handle(Object(Illuminate\\Http\\Request), Object(Closure))
#24 /Users/rishavr/Online-Shopping/laravelBackend4/vendor/laravel/framework/src/Illuminate/Pipeline/Pipeline.php(183): Illuminate\\Foundation\\Http\\Middleware\\ConvertEmptyStringsToNull->handle(Object(Illuminate\\Http\\Request), Object(Closure))
#25 /Users/rishavr/Online-Shopping/laravelBackend4/vendor/laravel/framework/src/Illuminate/Foundation/Http/Middleware/TransformsRequest.php(21): Illuminate\\Pipeline\\Pipeline->Illuminate\\Pipeline\\{closure}(Object(Illuminate\\Http\\Request))
#26 /Users/rishavr/Online-Shopping/laravelBackend4/vendor/laravel/framework/src/Illuminate/Foundation/Http/Middleware/TrimStrings.php(51): Illuminate\\Foundation\\Http\\Middleware\\TransformsRequest->handle(Object(Illuminate\\Http\\Request), Object(Closure))
#27 /Users/rishavr/Online-Shopping/laravelBackend4/vendor/laravel/framework/src/Illuminate/Pipeline/Pipeline.php(183): Illuminate\\Foundation\\Http\\Middleware\\TrimStrings->handle(Object(Illuminate\\Http\\Request), Object(Closure))
#28 /Users/rishavr/Online-Shopping/laravelBackend4/vendor/laravel/framework/src/Illuminate/Http/Middleware/ValidatePostSize.php(27): Illuminate\\Pipeline\\Pipeline->Illuminate\\Pipeline\\{closure}(Object(Illuminate\\Http\\Request))
#29 /Users/rishavr/Online-Shopping/laravelBackend4/vendor/laravel/framework/src/Illuminate/Pipeline/Pipeline.php(183): Illuminate\\Http\\Middleware\\ValidatePostSize->handle(Object(Illuminate\\Http\\Request), Object(Closure))
#30 /Users/rishavr/Online-Shopping/laravelBackend4/vendor/laravel/framework/src/Illuminate/Foundation/Http/Middleware/PreventRequestsDuringMaintenance.php(110): Illuminate\\Pipeline\\Pipeline->Illuminate\\Pipeline\\{closure}(Object(Illuminate\\Http\\Request))
#31 /Users/rishavr/Online-Shopping/laravelBackend4/vendor/laravel/framework/src/Illuminate/Pipeline/Pipeline.php(183): Illuminate\\Foundation\\Http\\Middleware\\PreventRequestsDuringMaintenance->handle(Object(Illuminate\\Http\\Request), Object(Closure))
#32 /Users/rishavr/Online-Shopping/laravelBackend4/vendor/laravel/framework/src/Illuminate/Http/Middleware/HandleCors.php(62): Illuminate\\Pipeline\\Pipeline->Illuminate\\Pipeline\\{closure}(Object(Illuminate\\Http\\Request))
#33 /Users/rishavr/Online-Shopping/laravelBackend4/vendor/laravel/framework/src/Illuminate/Pipeline/Pipeline.php(183): Illuminate\\Http\\Middleware\\HandleCors->handle(Object(Illuminate\\Http\\Request), Object(Closure))
#34 /Users/rishavr/Online-Shopping/laravelBackend4/vendor/laravel/framework/src/Illuminate/Http/Middleware/TrustProxies.php(58): Illuminate\\Pipeline\\Pipeline->Illuminate\\Pipeline\\{closure}(Object(Illuminate\\Http\\Request))
#35 /Users/rishavr/Online-Shopping/laravelBackend4/vendor/laravel/framework/src/Illuminate/Pipeline/Pipeline.php(183): Illuminate\\Http\\Middleware\\TrustProxies->handle(Object(Illuminate\\Http\\Request), Object(Closure))
#36 /Users/rishavr/Online-Shopping/laravelBackend4/vendor/laravel/framework/src/Illuminate/Foundation/Http/Middleware/InvokeDeferredCallbacks.php(22): Illuminate\\Pipeline\\Pipeline->Illuminate\\Pipeline\\{closure}(Object(Illuminate\\Http\\Request))
#37 /Users/rishavr/Online-Shopping/laravelBackend4/vendor/laravel/framework/src/Illuminate/Pipeline/Pipeline.php(183): Illuminate\\Foundation\\Http\\Middleware\\InvokeDeferredCallbacks->handle(Object(Illuminate\\Http\\Request), Object(Closure))
#38 /Users/rishavr/Online-Shopping/laravelBackend4/vendor/laravel/framework/src/Illuminate/Pipeline/Pipeline.php(119): Illuminate\\Pipeline\\Pipeline->Illuminate\\Pipeline\\{closure}(Object(Illuminate\\Http\\Request))
#39 /Users/rishavr/Online-Shopping/laravelBackend4/vendor/laravel/framework/src/Illuminate/Foundation/Http/Kernel.php(176): Illuminate\\Pipeline\\Pipeline->then(Object(Closure))
#40 /Users/rishavr/Online-Shopping/laravelBackend4/vendor/laravel/framework/src/Illuminate/Foundation/Http/Kernel.php(145): Illuminate\\Foundation\\Http\\Kernel->sendRequestThroughRouter(Object(Illuminate\\Http\\Request))
#41 /Users/rishavr/Online-Shopping/laravelBackend4/vendor/laravel/framework/src/Illuminate/Foundation/Application.php(1188): Illuminate\\Foundation\\Http\\Kernel->handle(Object(Illuminate\\Http\\Request))
#42 /Users/rishavr/Online-Shopping/laravelBackend4/public/index.php(17): Illuminate\\Foundation\\Application->handleRequest(Object(Illuminate\\Http\\Request))
#43 /Users/rishavr/Online-Shopping/laravelBackend4/vendor/laravel/framework/src/Illuminate/Foundation/resources/server.php(23): require_once('/Users/rishavr/...')
#44 {main}
"} 
